<?xml version="1.0" encoding="UTF-8"?>
<!-- Generated by org.testng.reporters.JUnitReportReporter -->
<testsuite hostname="ALIPLR2569" failures="0" tests="2" name="com.functional.testCases.VerifyIdentites" time="62.368" errors="0" timestamp="12 Nov 2020 11:11:23 GMT" skipped="0">
  <testcase classname="com.functional.testCases.VerifyIdentites" name="VerifyPageNavigation" time="26.140"/>
  <testcase classname="com.functional.testCases.VerifyIdentites" name="LinkConcludeRefAccount" time="36.228"/>
</testsuite> <!-- com.functional.testCases.VerifyIdentites -->
