<?xml version="1.0" encoding="UTF-8"?>
<!-- Generated by org.testng.reporters.JUnitReportReporter -->
<testsuite hostname="ALIPLR2569" failures="0" tests="1" name="com.api.base.BaseTest" time="4.001" errors="0" timestamp="23 Oct 2020 11:24:33 GMT" skipped="0">
  <testcase classname="com.api.base.BaseTest" name="BeforeSuite" time="4.001"/>
</testsuite> <!-- com.api.base.BaseTest -->
