<?xml version="1.0" encoding="UTF-8"?>
<!-- Generated by org.testng.reporters.JUnitReportReporter -->
<testsuite hostname="ALIPLR2569" failures="0" tests="1" name="com.api.testCases.VerifyEmailTestCase" time="5.105" errors="0" timestamp="10 Nov 2020 04:15:42 GMT" skipped="0">
  <testcase classname="com.api.testCases.VerifyEmailTestCase" name="VerifyEmail" time="5.105"/>
</testsuite> <!-- com.api.testCases.VerifyEmailTestCase -->
