<?xml version="1.0" encoding="UTF-8"?>
<!-- Generated by org.testng.reporters.JUnitReportReporter -->
<testsuite hostname="ALIPLR2569" failures="0" tests="2" name="com.functional.testCases.VerifyLogin" time="57.857" errors="0" timestamp="12 Nov 2020 13:17:02 GMT" skipped="0">
  <testcase classname="com.functional.testCases.VerifyLogin" name="VerifyLoginWithPositiveData" time="34.530"/>
  <testcase classname="com.functional.testCases.VerifyLogin" name="VerifyLoginWithNegativeData" time="23.327"/>
</testsuite> <!-- com.functional.testCases.VerifyLogin -->
