<?xml version="1.0" encoding="UTF-8"?>
<!-- Generated by org.testng.reporters.JUnitReportReporter -->
<testsuite hostname="ALIPLR2569" failures="0" tests="2" name="com.functional.testCases.VerifyLogin" time="47.598" errors="0" timestamp="09 Nov 2020 14:06:54 GMT" skipped="0">
  <testcase classname="com.functional.testCases.VerifyLogin" name="VerifyLoginWithPositiveData" time="34.215"/>
  <testcase classname="com.functional.testCases.VerifyLogin" name="VerifyLoginWithNegativeData" time="13.383"/>
</testsuite> <!-- com.functional.testCases.VerifyLogin -->
