<?xml version="1.0" encoding="UTF-8"?>
<!-- Generated by org.testng.reporters.JUnitReportReporter -->
<testsuite hostname="ALIPLR2569" failures="0" tests="2" name="com.functional.testCases.VerifyIdentites" time="39.002" errors="0" timestamp="09 Nov 2020 14:06:54 GMT" skipped="0">
  <testcase classname="com.functional.testCases.VerifyIdentites" name="VerifyPageNavigation" time="16.602"/>
  <testcase classname="com.functional.testCases.VerifyIdentites" name="LinkConcludeRefAccount" time="22.400"/>
</testsuite> <!-- com.functional.testCases.VerifyIdentites -->
