<?xml version="1.0" encoding="UTF-8"?>
<!-- Generated by org.testng.reporters.JUnitReportReporter -->
<testsuite hostname="ALIPLR2569" failures="0" tests="1" name="com.functional.testCases.VerifyIdentityData" time="21.834" errors="0" timestamp="09 Nov 2020 06:40:45 GMT" skipped="0">
  <testcase classname="com.functional.testCases.VerifyIdentityData" name="LinkConcludeRefAccount" time="21.834"/>
</testsuite> <!-- com.functional.testCases.VerifyIdentityData -->
