<?xml version="1.0" encoding="UTF-8"?>
<!-- Generated by org.testng.reporters.JUnitReportReporter -->
<testsuite hostname="ALIPLR2569" failures="0" tests="1" name="com.api.testCases.EmailVerification" time="3.858" errors="0" timestamp="23 Oct 2020 10:38:26 GMT" skipped="0">
  <testcase classname="com.api.testCases.EmailVerification" name="VerifyEmail" time="3.858"/>
</testsuite> <!-- com.api.testCases.EmailVerification -->
