<?xml version="1.0" encoding="UTF-8"?>
<!-- Generated by org.testng.reporters.JUnitReportReporter -->
<testsuite hostname="ALIPLR2569" failures="0" tests="2" name="com.api.testCases.TestRestassured" time="5.157" errors="0" timestamp="14 Oct 2020 19:56:47 GMT" skipped="0">
  <testcase classname="com.api.testCases.TestRestassured" name="getResponseBody" time="3.709"/>
  <testcase classname="com.api.testCases.TestRestassured" name="getResponseStatus" time="1.448"/>
</testsuite> <!-- com.api.testCases.TestRestassured -->
