<?xml version="1.0" encoding="UTF-8"?>
<!-- Generated by org.testng.reporters.JUnitReportReporter -->
<testsuite hostname="ALIPLR2569" failures="0" tests="1" name="com.functional.testCases.VerifyConcludeIdentityData" time="35.507" errors="0" timestamp="12 Nov 2020 13:17:02 GMT" skipped="0">
  <testcase classname="com.functional.testCases.VerifyConcludeIdentityData" name="VerifyConcludeRefAccountUsersDataWithAPI" time="35.507"/>
</testsuite> <!-- com.functional.testCases.VerifyConcludeIdentityData -->
