<?xml version="1.0" encoding="UTF-8"?>
<!-- Generated by org.testng.reporters.JUnitReportReporter -->
<testsuite hostname="ALIPLR2569" failures="0" tests="6" name="com.api.testCases.RestAssuredDemo" time="7.893" errors="0" timestamp="15 Oct 2020 08:47:31 GMT" skipped="0">
  <testcase classname="com.api.testCases.RestAssuredDemo" name="checkstatusLine" time="0.005"/>
  <testcase classname="com.api.testCases.RestAssuredDemo" name="checkStatusCode" time="0.009"/>
  <testcase classname="com.api.testCases.RestAssuredDemo" name="checkcontentEncoding" time="0.004"/>
  <testcase classname="com.api.testCases.RestAssuredDemo" name="GetTransactions" time="7.539"/>
  <testcase classname="com.api.testCases.RestAssuredDemo" name="checkContentType" time="0.004"/>
  <testcase classname="com.api.testCases.RestAssuredDemo" name="checkResposeBody" time="0.332"/>
</testsuite> <!-- com.api.testCases.RestAssuredDemo -->
