<?xml version="1.0" encoding="UTF-8"?>
<!-- Generated by org.testng.reporters.JUnitReportReporter -->
<testsuite hostname="ALIPLR2569" failures="0" tests="1" name="com.api.testCases.GetToken" time="2.488" errors="0" timestamp="23 Oct 2020 09:22:08 GMT" skipped="0">
  <testcase classname="com.api.testCases.GetToken" name="VerifyEmail" time="2.488"/>
</testsuite> <!-- com.api.testCases.GetToken -->
